<?xml version="1.0" encoding="UTF-8"?>
<testng-results ignored="0" total="2" passed="2" failed="0" skipped="0">
  <reporter-output>
  </reporter-output>
  <suite started-at="2026-06-13T16:36:31 IST" name="s" finished-at="2026-06-13T16:36:31 IST" duration-ms="31">
    <groups>
    </groups>
    <test started-at="2026-06-13T16:36:31 IST" name="t" finished-at="2026-06-13T16:36:31 IST" duration-ms="31">
      <class name="types_of_execution.GetDataFromXmlFile">
        <test-method signature="login(java.lang.String,java.lang.String)[pri:0, instance:types_of_execution.GetDataFromXmlFile@77847718]" started-at="2026-06-13T16:36:31 IST" name="login" finished-at="2026-06-13T16:36:31 IST" duration-ms="9" status="PASS">
          <params>
            <param index="0">
              <value>
                <![CDATA[admin]]>
              </value>
            </param>
            <param index="1">
              <value>
                <![CDATA[admin123]]>
              </value>
            </param>
          </params>
          <reporter-output>
          </reporter-output>
        </test-method> <!-- login -->
      </class> <!-- types_of_execution.GetDataFromXmlFile -->
      <class name="ddt_extra.GetDataFromXmlFile">
        <test-method signature="login(java.lang.String,java.lang.String)[pri:0, instance:ddt_extra.GetDataFromXmlFile@6adbc9d]" started-at="2026-06-13T16:36:31 IST" name="login" finished-at="2026-06-13T16:36:31 IST" duration-ms="1" status="PASS">
          <params>
            <param index="0">
              <value>
                <![CDATA[shubham]]>
              </value>
            </param>
            <param index="1">
              <value>
                <![CDATA[shubham1123]]>
              </value>
            </param>
          </params>
          <reporter-output>
          </reporter-output>
        </test-method> <!-- login -->
      </class> <!-- ddt_extra.GetDataFromXmlFile -->
    </test> <!-- t -->
  </suite> <!-- s -->
</testng-results>
