<?xml version="1.0" encoding="UTF-8"?>
<testng-results ignored="0" total="3" passed="1" failed="1" skipped="1">
  <reporter-output>
  </reporter-output>
  <suite started-at="2026-06-11T21:10:57 IST" name="Default suite" finished-at="2026-06-11T21:11:45 IST" duration-ms="48141">
    <groups>
    </groups>
    <test started-at="2026-06-11T21:10:57 IST" name="Default test" finished-at="2026-06-11T21:11:45 IST" duration-ms="48141">
      <class name="listener_extra.DemoDemoDemo">
        <test-method is-config="true" signature="setUp()[pri:0, instance:listener_extra.DemoDemoDemo@3c9754d8]" started-at="2026-06-11T21:10:57 IST" name="setUp" finished-at="2026-06-11T21:11:03 IST" duration-ms="6011" status="PASS">
          <reporter-output>
          </reporter-output>
        </test-method> <!-- setUp -->
        <test-method is-config="true" signature="login()[pri:0, instance:listener_extra.DemoDemoDemo@3c9754d8]" started-at="2026-06-11T21:11:03 IST" name="login" finished-at="2026-06-11T21:11:15 IST" duration-ms="12225" status="PASS">
          <reporter-output>
          </reporter-output>
        </test-method> <!-- login -->
        <test-method signature="createcity()[pri:0, instance:listener_extra.DemoDemoDemo@3c9754d8]" started-at="2026-06-11T21:11:15 IST" name="createcity" finished-at="2026-06-11T21:11:15 IST" duration-ms="33" status="PASS">
          <reporter-output>
          </reporter-output>
        </test-method> <!-- createcity -->
        <test-method is-config="true" signature="logout()[pri:0, instance:listener_extra.DemoDemoDemo@3c9754d8]" started-at="2026-06-11T21:11:15 IST" name="logout" finished-at="2026-06-11T21:11:26 IST" duration-ms="10495" status="PASS">
          <reporter-output>
          </reporter-output>
        </test-method> <!-- logout -->
        <test-method is-config="true" signature="login()[pri:0, instance:listener_extra.DemoDemoDemo@3c9754d8]" started-at="2026-06-11T21:11:26 IST" name="login" finished-at="2026-06-11T21:11:32 IST" duration-ms="6205" status="PASS">
          <reporter-output>
          </reporter-output>
        </test-method> <!-- login -->
        <test-method signature="modifycity()[pri:0, instance:listener_extra.DemoDemoDemo@3c9754d8]" started-at="2026-06-11T21:11:32 IST" name="modifycity" finished-at="2026-06-11T21:11:32 IST" duration-ms="60" status="FAIL">
          <exception class="java.lang.AssertionError">
            <message>
              <![CDATA[expected [true] but found [false]]]>
            </message>
            <full-stacktrace>
              <![CDATA[java.lang.AssertionError: expected [true] but found [false]
at org.testng.Assert.fail(Assert.java:111)
at org.testng.Assert.failNotEquals(Assert.java:1590)
at org.testng.Assert.assertTrue(Assert.java:57)
at org.testng.Assert.assertTrue(Assert.java:67)
at listener_extra.DemoDemoDemo.modifycity(DemoDemoDemo.java:16)
at java.base/jdk.internal.reflect.DirectMethodHandleAccessor.invoke(DirectMethodHandleAccessor.java:103)
at java.base/java.lang.reflect.Method.invoke(Method.java:580)
at org.testng.internal.invokers.MethodInvocationHelper.invokeMethod(MethodInvocationHelper.java:141)
at org.testng.internal.invokers.TestInvoker.invokeMethod(TestInvoker.java:697)
at org.testng.internal.invokers.TestInvoker.invokeTestMethod(TestInvoker.java:230)
at org.testng.internal.invokers.MethodRunner.runInSequence(MethodRunner.java:63)
at org.testng.internal.invokers.TestInvoker$MethodInvocationAgent.invoke(TestInvoker.java:1005)
at org.testng.internal.invokers.TestInvoker.invokeTestMethods(TestInvoker.java:203)
at org.testng.internal.invokers.TestMethodWorker.invokeTestMethods(TestMethodWorker.java:154)
at org.testng.internal.invokers.TestMethodWorker.run(TestMethodWorker.java:134)
at java.base/java.util.ArrayList.forEach(ArrayList.java:1596)
at org.testng.TestRunner.privateRun(TestRunner.java:744)
at org.testng.TestRunner.run(TestRunner.java:616)
at org.testng.SuiteRunner.runTest(SuiteRunner.java:421)
at org.testng.SuiteRunner.runSequentially(SuiteRunner.java:413)
at org.testng.SuiteRunner.privateRun(SuiteRunner.java:373)
at org.testng.SuiteRunner.run(SuiteRunner.java:312)
at org.testng.SuiteRunnerWorker.runSuite(SuiteRunnerWorker.java:52)
at org.testng.SuiteRunnerWorker.run(SuiteRunnerWorker.java:95)
at org.testng.TestNG.runSuitesSequentially(TestNG.java:1274)
at org.testng.TestNG.runSuitesLocally(TestNG.java:1208)
at org.testng.TestNG.runSuites(TestNG.java:1112)
at org.testng.TestNG.run(TestNG.java:1079)
at org.testng.remote.AbstractRemoteTestNG.run(AbstractRemoteTestNG.java:115)
at org.testng.remote.RemoteTestNG.initAndRun(RemoteTestNG.java:293)
at org.testng.remote.RemoteTestNG.main(RemoteTestNG.java:91)
]]>
            </full-stacktrace>
          </exception> <!-- java.lang.AssertionError -->
          <reporter-output>
          </reporter-output>
        </test-method> <!-- modifycity -->
        <test-method is-config="true" signature="logout()[pri:0, instance:listener_extra.DemoDemoDemo@3c9754d8]" started-at="2026-06-11T21:11:32 IST" name="logout" finished-at="2026-06-11T21:11:41 IST" duration-ms="9070" status="PASS">
          <reporter-output>
          </reporter-output>
        </test-method> <!-- logout -->
        <test-method signature="deletecity()[pri:0, instance:listener_extra.DemoDemoDemo@3c9754d8]" started-at="2026-06-11T21:11:41 IST" name="deletecity" finished-at="2026-06-11T21:11:41 IST" depends-on-methods="listener_extra.DemoDemoDemo.modifycity" duration-ms="0" status="SKIP">
          <exception class="java.lang.Throwable">
            <message>
              <![CDATA[Method listener_extra.DemoDemoDemo.deletecity() on instance listener_extra.DemoDemoDemo@3c9754d8 depends on not successfully finished methods 
[listener_extra.DemoDemoDemo.modifycity() on instance listener_extra.DemoDemoDemo@3c9754d8]]]>
            </message>
            <full-stacktrace>
              <![CDATA[java.lang.Throwable: Method listener_extra.DemoDemoDemo.deletecity() on instance listener_extra.DemoDemoDemo@3c9754d8 depends on not successfully finished methods 
[listener_extra.DemoDemoDemo.modifycity() on instance listener_extra.DemoDemoDemo@3c9754d8]
at org.testng.internal.invokers.TestInvoker.invokeTestMethods(TestInvoker.java:159)
at org.testng.internal.invokers.TestMethodWorker.invokeTestMethods(TestMethodWorker.java:154)
at org.testng.internal.invokers.TestMethodWorker.run(TestMethodWorker.java:134)
at java.base/java.util.ArrayList.forEach(ArrayList.java:1596)
at org.testng.TestRunner.privateRun(TestRunner.java:744)
at org.testng.TestRunner.run(TestRunner.java:616)
at org.testng.SuiteRunner.runTest(SuiteRunner.java:421)
at org.testng.SuiteRunner.runSequentially(SuiteRunner.java:413)
at org.testng.SuiteRunner.privateRun(SuiteRunner.java:373)
at org.testng.SuiteRunner.run(SuiteRunner.java:312)
at org.testng.SuiteRunnerWorker.runSuite(SuiteRunnerWorker.java:52)
at org.testng.SuiteRunnerWorker.run(SuiteRunnerWorker.java:95)
at org.testng.TestNG.runSuitesSequentially(TestNG.java:1274)
at org.testng.TestNG.runSuitesLocally(TestNG.java:1208)
at org.testng.TestNG.runSuites(TestNG.java:1112)
at org.testng.TestNG.run(TestNG.java:1079)
at org.testng.remote.AbstractRemoteTestNG.run(AbstractRemoteTestNG.java:115)
at org.testng.remote.RemoteTestNG.initAndRun(RemoteTestNG.java:293)
at org.testng.remote.RemoteTestNG.main(RemoteTestNG.java:91)
]]>
            </full-stacktrace>
          </exception> <!-- java.lang.Throwable -->
          <reporter-output>
          </reporter-output>
        </test-method> <!-- deletecity -->
        <test-method is-config="true" signature="teardown()[pri:0, instance:listener_extra.DemoDemoDemo@3c9754d8]" started-at="2026-06-11T21:11:41 IST" name="teardown" finished-at="2026-06-11T21:11:45 IST" duration-ms="3603" status="PASS">
          <reporter-output>
          </reporter-output>
        </test-method> <!-- teardown -->
      </class> <!-- listener_extra.DemoDemoDemo -->
    </test> <!-- Default test -->
  </suite> <!-- Default suite -->
</testng-results>
