<?xml version="1.0" encoding="UTF-8"?>
<!-- Generated by org.testng.reporters.JUnitReportReporter -->
<testsuite hostname="Y4_Max" failures="0" tests="3" name="types_of_execution.OrgTest" time="12.665" errors="0" timestamp="2026-06-04T22:37:19 IST" skipped="0">
  <testcase classname="types_of_execution.OrgTest" name="modifyOrgTest" time="3.681"/>
  <testcase classname="types_of_execution.OrgTest" name="createOrgTest" time="4.941"/>
  <testcase classname="types_of_execution.OrgTest" name="deleteOrgTest" time="4.043"/>
</testsuite> <!-- types_of_execution.OrgTest -->
