<?xml version="1.0" encoding="UTF-8"?>
<!-- Generated by org.testng.reporters.JUnitReportReporter -->
<testsuite hostname="Y4_Max" failures="0" tests="3" name="types_of_execution.LeadsTest" time="17.910" errors="0" timestamp="2026-06-09T20:04:16 IST" skipped="0">
  <testcase classname="types_of_execution.LeadsTest" name="deleteLeadsTest" time="5.023"/>
  <testcase classname="types_of_execution.LeadsTest" name="createLeadsTest" time="7.821"/>
  <testcase classname="types_of_execution.LeadsTest" name="modifyLeadsTest" time="5.066"/>
</testsuite> <!-- types_of_execution.LeadsTest -->
