<?xml version="1.0" encoding="UTF-8"?>
<!-- Generated by org.testng.reporters.JUnitReportReporter -->
<testsuite hostname="Y4_Max" failures="0" tests="2" name="testng.extra.DemoTest" time="0.019" errors="0" timestamp="2026-06-03T22:07:48 IST" skipped="0">
  <testcase classname="testng.extra.DemoTest" name="add2" time="0.002">
    <system-out>
      <![CDATA[this is demo 2]]>
    </system-out>
  </testcase> <!-- add2 -->
  <testcase classname="testng.extra.DemoTest" name="add" time="0.017">
    <system-out>
      <![CDATA[this is demo]]>
    </system-out>
  </testcase> <!-- add -->
  <system-out>
    <![CDATA[this is demo
this is demo 2]]>
  </system-out>
</testsuite> <!-- testng.extra.DemoTest -->
