<?xml version="1.0" encoding="UTF-8"?>
<!-- Generated by org.testng.reporters.JUnitReportReporter -->
<testsuite hostname="Y4_Max" failures="0" tests="3" name="types_of_execution.ContactsTest" time="17.425" errors="0" timestamp="2026-06-09T20:04:16 IST" skipped="0">
  <testcase classname="types_of_execution.ContactsTest" name="deleteContactsTest" time="5.002"/>
  <testcase classname="types_of_execution.ContactsTest" name="createContactsTest" time="7.917"/>
  <testcase classname="types_of_execution.ContactsTest" name="modifyContactsTest" time="4.506"/>
</testsuite> <!-- types_of_execution.ContactsTest -->
