<?xml version="1.0" encoding="UTF-8"?>
<!-- Generated by org.testng.reporters.JUnitReportReporter -->
<testsuite hostname="Y4_Max" failures="0" tests="3" name="types_of_execution.LeadsTest" time="13.249" errors="0" timestamp="2026-06-04T22:37:19 IST" skipped="0">
  <testcase classname="types_of_execution.LeadsTest" name="deleteLeadsTest" time="4.100"/>
  <testcase classname="types_of_execution.LeadsTest" name="createLeadsTest" time="4.940"/>
  <testcase classname="types_of_execution.LeadsTest" name="modifyLeadsTest" time="4.209"/>
</testsuite> <!-- types_of_execution.LeadsTest -->
