<?xml version="1.0" encoding="UTF-8"?>
<!-- Generated by org.testng.reporters.JUnitReportReporter -->
<testsuite hostname="Y4_Max" failures="0" tests="1" name="testng.extra.SampleTest" time="0.017" errors="0" timestamp="2026-06-03T11:58:57 IST" skipped="0">
  <testcase classname="testng.extra.SampleTest" name="case1" time="0.017">
    <system-out>
      <![CDATA[this is test]]>
    </system-out>
  </testcase> <!-- case1 -->
  <system-out>
    <![CDATA[this is test]]>
  </system-out>
</testsuite> <!-- testng.extra.SampleTest -->
