<?xml version="1.0" encoding="UTF-8"?>
<!-- Generated by org.testng.reporters.JUnitReportReporter -->
<testsuite hostname="Y4_Max" failures="0" tests="3" name="types_of_execution.OrgTest" time="11.210" errors="0" timestamp="2026-06-10T13:23:43 IST" skipped="0">
  <testcase classname="types_of_execution.OrgTest" name="deleteOrgTest" time="3.202"/>
  <testcase classname="types_of_execution.OrgTest" name="modifyOrgTest" time="3.500"/>
  <testcase classname="types_of_execution.OrgTest" name="createOrgTest" time="4.508"/>
</testsuite> <!-- types_of_execution.OrgTest -->
