<?xml version="1.0" encoding="UTF-8"?>
<!-- Generated by org.testng.reporters.JUnitReportReporter -->
<testsuite hostname="shubhams-MacBook-Air.local" failures="0" tests="3" name="group_xml_execution.OrgTest" time="0.007" errors="0" timestamp="2026-06-13T15:14:07 IST" skipped="0">
  <testcase classname="group_xml_execution.OrgTest" name="createOrg" time="0.005"/>
  <testcase classname="group_xml_execution.OrgTest" name="deleteOrg" time="0.001"/>
  <testcase classname="group_xml_execution.OrgTest" name="modifyOrg" time="0.001"/>
</testsuite> <!-- group_xml_execution.OrgTest -->
