<?xml version="1.0" encoding="UTF-8"?>
<!-- Generated by org.testng.reporters.JUnitXMLReporter -->
<testsuite ignored="0" hostname="Y4_Max" failures="0" tests="3" name="testrunner2" time="12.724" errors="0" timestamp="2026-06-04T22:37:18 IST">
  <testcase classname="types_of_execution.OrgTest" name="createOrgTest" time="4.941"/>
  <testcase classname="types_of_execution.OrgTest" name="deleteOrgTest" time="4.043"/>
  <testcase classname="types_of_execution.OrgTest" name="modifyOrgTest" time="3.681"/>
</testsuite> <!-- testrunner2 -->
