<?xml version="1.0" encoding="UTF-8"?>
<!-- Generated by org.testng.reporters.JUnitXMLReporter -->
<testsuite ignored="0" hostname="Y4_Max" failures="0" tests="3" name="testrunner3" time="13.308" errors="0" timestamp="2026-06-04T22:37:19 IST">
  <testcase classname="types_of_execution.LeadsTest" name="createLeadsTest" time="4.94"/>
  <testcase classname="types_of_execution.LeadsTest" name="deleteLeadsTest" time="4.1"/>
  <testcase classname="types_of_execution.LeadsTest" name="modifyLeadsTest" time="4.209"/>
</testsuite> <!-- testrunner3 -->
