<?xml version="1.0" encoding="UTF-8"?>
<!-- Generated by org.testng.reporters.JUnitXMLReporter -->
<testsuite ignored="0" hostname="Y4_Max" failures="0" tests="3" name="testrunner1" time="12.754" errors="0" timestamp="2026-06-04T22:37:18 IST">
  <testcase classname="types_of_execution.ContactsTest" name="createContactsTest" time="4.927"/>
  <testcase classname="types_of_execution.ContactsTest" name="deleteContactsTest" time="4.068"/>
  <testcase classname="types_of_execution.ContactsTest" name="modifyContactsTest" time="3.699"/>
</testsuite> <!-- testrunner1 -->
