<?xml version="1.0" encoding="UTF-8"?>
<!-- Generated by org.testng.reporters.JUnitXMLReporter -->
<testsuite ignored="3" hostname="Y4_Max" failures="0" tests="6" name="tests" time="20.361" errors="0" timestamp="2026-06-04T22:33:54 IST">
  <testcase classname="types_of_execution.OrgTest" name="createOrgTest" time="4.033"/>
  <testcase classname="types_of_execution.ContactsTest" name="createContactsTest" time="3.36"/>
  <testcase classname="types_of_execution.ContactsTest" name="modifyContactsTest" time="3.211"/>
  <testcase classname="types_of_execution.LeadsTest" name="createLeadsTest" time="3.233"/>
  <testcase classname="types_of_execution.LeadsTest" name="deleteLeadsTest" time="3.192"/>
  <testcase classname="types_of_execution.LeadsTest" name="modifyLeadsTest" time="3.264"/>
  <testcase classname="types_of_execution.OrgTest" name="modifyOrgTest" time="0.0">
    <ignored/>
  </testcase> <!-- modifyOrgTest -->
  <testcase classname="types_of_execution.ContactsTest" name="deleteContactsTest" time="0.0">
    <ignored/>
  </testcase> <!-- deleteContactsTest -->
  <testcase classname="types_of_execution.OrgTest" name="deleteOrgTest" time="0.0">
    <ignored/>
  </testcase> <!-- deleteOrgTest -->
</testsuite> <!-- tests -->
